2026-04-19 17:03:44,758 INFO: 
                ____                _       _____  ____
               / __ ) ____ _ _____ (_)_____/ ___/ / __ \
              / __  |/ __ `// ___// // ___/\__ \ / /_/ /
             / /_/ // /_/ /(__  )/ // /__ ___/ // _, _/
            /_____/ \__,_//____//_/ \___//____//_/ |_|
     ______                   __   __                 __      __
    / ____/____   ____   ____/ /  / /   __  __ _____ / /__   / /
   / / __ / __ \ / __ \ / __  /  / /   / / / // ___// //_/  / /
  / /_/ // /_/ // /_/ // /_/ /  / /___/ /_/ // /__ / /<    /_/
  \____/ \____/ \____/ \____/  /_____/\____/ \___//_/|_|  (_)
    
Version Information: 
	BasicSR: 1.0.0+8b4b00c
	PyTorch: 2.0.1+cu118
	TorchVision: 0.15.2+cu118
2026-04-19 17:03:44,758 INFO: 
  name: WaterMamba
  model_type: ImageCleanModel
  scale: 1
  num_gpu: 1
  manual_seed: 100
  datasets:[
    train:[
      name: TrainSet
      type: Dataset_PairedImage
      dataroot_gt: dataset/debug_train/target
      dataroot_lq: dataset/debug_train/input
      geometric_augs: True
      filename_tmpl: {}
      io_backend:[
        type: disk
      ]
      use_shuffle: True
      num_worker_per_gpu: 2
      batch_size_per_gpu: 2
      mini_batch_sizes: [2, 2]
      iters: [300000]
      gt_size: 256
      gt_sizes: [256]
      dataset_enlarge_ratio: 1
      prefetch_mode: None
      phase: train
      scale: 1
    ]
    val:[
      name: ValSet
      type: Dataset_PairedImage
      dataroot_gt: datasets/debug_train/target
      dataroot_lq: datasets/debug_train/input
      io_backend:[
        type: disk
      ]
      phase: val
      scale: 1
    ]
  ]
  network_g:[
    type: WaterMamba
    inp_channels: 3
    out_channels: 3
    dim: 24
    num_blocks: [1, 1, 1, 1]
    mam_blocks: [2, 2, 2, 2]
    d_state: 16
    drop_path: 0
    attn_drop_rate: 0.0
    resolution: [256, 256]
    expand: 2
    d_conv: 4
    bias: False
  ]
  path:[
    pretrain_network_g: None
    strict_load_g: True
    resume_state: None
    root: /home/right_limit/WaterMamba
    experiments_root: /home/right_limit/WaterMamba/experiments/WaterMamba
    models: /home/right_limit/WaterMamba/experiments/WaterMamba/models
    training_states: /home/right_limit/WaterMamba/experiments/WaterMamba/training_states
    log: /home/right_limit/WaterMamba/experiments/WaterMamba
    visualization: /home/right_limit/WaterMamba/experiments/WaterMamba/visualization
  ]
  train:[
    total_iter: 300000
    warmup_iter: -1
    use_grad_clip: True
    scheduler:[
      type: CosineAnnealingRestartCyclicLR
      periods: [92000, 208000]
      restart_weights: [1, 1]
      eta_mins: [0.0003, 1e-06]
    ]
    mixing_augs:[
      mixup: False
      mixup_beta: 1.2
      use_identity: True
    ]
    optim_g:[
      type: AdamW
      lr: 0.0003
      weight_decay: 0.0001
      betas: [0.9, 0.999]
    ]
    pixel_opt:[
      type: L1Loss
      loss_weight: 1
      reduction: mean
    ]
  ]
  val:[
    window_size: 8
    val_freq: 2000.0
    save_img: False
    rgb2bgr: True
    use_image: True
    max_minibatch: 8
    metrics:[
      psnr:[
        type: calculate_psnr
        crop_border: 0
        test_y_channel: False
      ]
    ]
  ]
  logger:[
    print_freq: 100
    save_checkpoint_freq: 2000.0
    use_tb_logger: True
    wandb:[
      project: None
      resume_id: None
    ]
  ]
  dist_params:[
    backend: nccl
    port: 29500
  ]
  is_train: True
  dist: False
  rank: 0
  world_size: 1

2026-04-19 17:03:44,805 INFO: Dataset Dataset_PairedImage - TrainSet is created.
2026-04-19 17:03:44,805 INFO: Training statistics:
	Number of train images: 12
	Dataset enlarge ratio: 1
	Batch size per gpu: 2
	World size (gpu number): 1
	Require iter number per epoch: 6
	Total epochs: 50000; iters: 300000.
