2026-04-19 17:06:08,361 INFO: 
                ____                _       _____  ____
               / __ ) ____ _ _____ (_)_____/ ___/ / __ \
              / __  |/ __ `// ___// // ___/\__ \ / /_/ /
             / /_/ // /_/ /(__  )/ // /__ ___/ // _, _/
            /_____/ \__,_//____//_/ \___//____//_/ |_|
     ______                   __   __                 __      __
    / ____/____   ____   ____/ /  / /   __  __ _____ / /__   / /
   / / __ / __ \ / __ \ / __  /  / /   / / / // ___// //_/  / /
  / /_/ // /_/ // /_/ // /_/ /  / /___/ /_/ // /__ / /<    /_/
  \____/ \____/ \____/ \____/  /_____/\____/ \___//_/|_|  (_)
    
Version Information: 
	BasicSR: 1.0.0+8b4b00c
	PyTorch: 2.0.1+cu118
	TorchVision: 0.15.2+cu118
2026-04-19 17:06:08,361 INFO: 
  name: WaterMamba
  model_type: ImageCleanModel
  scale: 1
  num_gpu: 1
  manual_seed: 100
  datasets:[
    train:[
      name: TrainSet
      type: Dataset_PairedImage
      dataroot_gt: dataset/debug_train/target
      dataroot_lq: dataset/debug_train/input
      geometric_augs: True
      filename_tmpl: {}
      io_backend:[
        type: disk
      ]
      use_shuffle: True
      num_worker_per_gpu: 2
      batch_size_per_gpu: 2
      mini_batch_sizes: [2, 2]
      iters: [300000]
      gt_size: 256
      gt_sizes: [256]
      dataset_enlarge_ratio: 1
      prefetch_mode: None
      phase: train
      scale: 1
    ]
    val:[
      name: ValSet
      type: Dataset_PairedImage
      dataroot_gt: dataset/debug_train/target
      dataroot_lq: dataset/debug_train/input
      io_backend:[
        type: disk
      ]
      phase: val
      scale: 1
    ]
  ]
  network_g:[
    type: WaterMamba
    inp_channels: 3
    out_channels: 3
    dim: 24
    num_blocks: [1, 1, 1, 1]
    mam_blocks: [2, 2, 2, 2]
    d_state: 16
    drop_path: 0
    attn_drop_rate: 0.0
    resolution: [256, 256]
    expand: 2
    d_conv: 4
    bias: False
  ]
  path:[
    pretrain_network_g: None
    strict_load_g: True
    resume_state: None
    root: /home/right_limit/WaterMamba
    experiments_root: /home/right_limit/WaterMamba/experiments/WaterMamba
    models: /home/right_limit/WaterMamba/experiments/WaterMamba/models
    training_states: /home/right_limit/WaterMamba/experiments/WaterMamba/training_states
    log: /home/right_limit/WaterMamba/experiments/WaterMamba
    visualization: /home/right_limit/WaterMamba/experiments/WaterMamba/visualization
  ]
  train:[
    total_iter: 300000
    warmup_iter: -1
    use_grad_clip: True
    scheduler:[
      type: CosineAnnealingRestartCyclicLR
      periods: [92000, 208000]
      restart_weights: [1, 1]
      eta_mins: [0.0003, 1e-06]
    ]
    mixing_augs:[
      mixup: False
      mixup_beta: 1.2
      use_identity: True
    ]
    optim_g:[
      type: AdamW
      lr: 0.0003
      weight_decay: 0.0001
      betas: [0.9, 0.999]
    ]
    pixel_opt:[
      type: L1Loss
      loss_weight: 1
      reduction: mean
    ]
  ]
  val:[
    window_size: 8
    val_freq: 2000.0
    save_img: False
    rgb2bgr: True
    use_image: True
    max_minibatch: 8
    metrics:[
      psnr:[
        type: calculate_psnr
        crop_border: 0
        test_y_channel: False
      ]
    ]
  ]
  logger:[
    print_freq: 100
    save_checkpoint_freq: 2000.0
    use_tb_logger: True
    wandb:[
      project: None
      resume_id: None
    ]
  ]
  dist_params:[
    backend: nccl
    port: 29500
  ]
  is_train: True
  dist: False
  rank: 0
  world_size: 1

2026-04-19 17:06:08,527 INFO: Dataset Dataset_PairedImage - TrainSet is created.
2026-04-19 17:06:08,528 INFO: Training statistics:
	Number of train images: 6
	Dataset enlarge ratio: 1
	Batch size per gpu: 2
	World size (gpu number): 1
	Require iter number per epoch: 3
	Total epochs: 100000; iters: 300000.
2026-04-19 17:06:08,528 INFO: Dataset Dataset_PairedImage - ValSet is created.
2026-04-19 17:06:08,528 INFO: Number of val images/folders in ValSet: 6
2026-04-19 17:06:09,175 INFO: Network: WaterMamba, with parameters: 4,221,472
2026-04-19 17:06:09,176 INFO: WaterMamba(
  (patch_embed): OverlapPatchEmbed(
    (proj): Conv2d(3, 24, kernel_size=(3, 3), stride=(1, 1), padding=(1, 1), bias=False)
  )
  (encoder_level1): Sequential(
    (0): SCOSSBlock(
      (ln_1): LayerNorm((24,), eps=1e-06, elementwise_affine=True)
      (SOSS): SS2D(
        (in_proj): Linear(in_features=24, out_features=96, bias=False)
        (conv2d): Conv2d(48, 48, kernel_size=(3, 3), stride=(1, 1), padding=(1, 1), groups=48)
        (act): SiLU()
        (out_norm): LayerNorm((48,), eps=1e-05, elementwise_affine=True)
        (out_proj): Linear(in_features=48, out_features=24, bias=False)
      )
      (drop_path1): DropPath(drop_prob=0.000)
      (drop_path2): DropPath(drop_prob=0.000)
      (conv_blk): MSFFN(
        (a): Sequential(
          (0): Conv2d(24, 24, kernel_size=(1, 1), stride=(1, 1))
          (1): Conv2d(24, 24, kernel_size=(1, 1), stride=(1, 1), groups=24)
        )
        (a1): Sequential(
          (0): Conv2d(24, 24, kernel_size=(1, 1), stride=(1, 1))
          (1): Conv2d(24, 24, kernel_size=(1, 1), stride=(1, 1), groups=24)
        )
        (relu1): ReLU()
        (b): Sequential(
          (0): Conv2d(24, 24, kernel_size=(1, 1), stride=(1, 1))
          (1): Conv2d(24, 24, kernel_size=(3, 3), stride=(1, 1), padding=(1, 1), groups=24)
        )
        (b1): Sequential(
          (0): Conv2d(24, 24, kernel_size=(1, 1), stride=(1, 1))
          (1): Conv2d(24, 24, kernel_size=(3, 3), stride=(1, 1), padding=(1, 1), groups=24)
        )
        (relu2): ReLU()
        (c): Sequential(
          (0): Conv2d(24, 24, kernel_size=(1, 1), stride=(1, 1))
          (1): Conv2d(24, 24, kernel_size=(5, 5), stride=(1, 1), padding=(2, 2), groups=24)
        )
        (c1): Sequential(
          (0): Conv2d(24, 24, kernel_size=(1, 1), stride=(1, 1))
          (1): Conv2d(24, 24, kernel_size=(5, 5), stride=(1, 1), padding=(2, 2), groups=24)
        )
        (relu3): ReLU()
        (conv_out): Conv2d(72, 24, kernel_size=(1, 1), stride=(1, 1))
        (ln): LayerNorm((24,), eps=1e-05, elementwise_affine=True)
      )
      (ln_2): LayerNorm((24,), eps=1e-05, elementwise_affine=True)
      (CCOSS): CCOSS(
        (H_CSSM): Sequential(
          (0): ChannelMamba(
            (in_proj): Linear(in_features=256, out_features=512, bias=False)
            (act): SiLU()
            (ln): LayerNorm((24,), eps=1e-05, elementwise_affine=True)
            (ln1): LayerNorm((24,), eps=1e-05, elementwise_affine=True)
            (conv2d): Conv2d(24, 24, kernel_size=(3, 3), stride=(1, 1), padding=(1, 1), groups=24)
            (x_proj): Linear(in_features=256, out_features=48, bias=False)
            (dt_proj): Linear(in_features=16, out_features=256, bias=True)
            (x_proj_b): Linear(in_features=256, out_features=48, bias=False)
            (dt_proj_b): Linear(in_features=16, out_features=256, bias=True)
          )
          (1): ChannelMamba(
            (in_proj): Linear(in_features=256, out_features=512, bias=False)
            (act): SiLU()
            (ln): LayerNorm((24,), eps=1e-05, elementwise_affine=True)
            (ln1): LayerNorm((24,), eps=1e-05, elementwise_affine=True)
            (conv2d): Conv2d(24, 24, kernel_size=(3, 3), stride=(1, 1), padding=(1, 1), groups=24)
            (x_proj): Linear(in_features=256, out_features=48, bias=False)
            (dt_proj): Linear(in_features=16, out_features=256, bias=True)
            (x_proj_b): Linear(in_features=256, out_features=48, bias=False)
            (dt_proj_b): Linear(in_features=16, out_features=256, bias=True)
          )
        )
        (W_CSSM): Sequential(
          (0): ChannelMamba(
            (in_proj): Linear(in_features=256, out_features=512, bias=False)
            (act): SiLU()
            (ln): LayerNorm((24,), eps=1e-05, elementwise_affine=True)
            (ln1): LayerNorm((24,), eps=1e-05, elementwise_affine=True)
            (conv2d): Conv2d(24, 24, kernel_size=(3, 3), stride=(1, 1), padding=(1, 1), groups=24)
            (x_proj): Linear(in_features=256, out_features=48, bias=False)
            (dt_proj): Linear(in_features=16, out_features=256, bias=True)
            (x_proj_b): Linear(in_features=256, out_features=48, bias=False)
            (dt_proj_b): Linear(in_features=16, out_features=256, bias=True)
          )
          (1): ChannelMamba(
            (in_proj): Linear(in_features=256, out_features=512, bias=False)
            (act): SiLU()
            (ln): LayerNorm((24,), eps=1e-05, elementwise_affine=True)
            (ln1): LayerNorm((24,), eps=1e-05, elementwise_affine=True)
            (conv2d): Conv2d(24, 24, kernel_size=(3, 3), stride=(1, 1), padding=(1, 1), groups=24)
            (x_proj): Linear(in_features=256, out_features=48, bias=False)
            (dt_proj): Linear(in_features=16, out_features=256, bias=True)
            (x_proj_b): Linear(in_features=256, out_features=48, bias=False)
            (dt_proj_b): Linear(in_features=16, out_features=256, bias=True)
          )
        )
        (ln): LayerNorm((24,), eps=1e-05, elementwise_affine=True)
        (softmax): Softmax(dim=1)
        (conv_1x1): Conv2d(24, 24, kernel_size=(1, 1), stride=(1, 1), bias=False)
        (dwconv): Conv2d(24, 24, kernel_size=(1, 1), stride=(1, 1), groups=24, bias=False)
        (relu): ReLU()
        (bn): BatchNorm2d(24, eps=1e-05, momentum=0.1, affine=True, track_running_stats=True)
        (silu_h): SiLU()
        (silu_w): SiLU()
        (sigmoid_h): Sigmoid()
        (sigmoid_w): Sigmoid()
      )
    )
  )
  (down1_2): Downsample(
    (body): Sequential(
      (0): Conv2d(24, 12, kernel_size=(3, 3), stride=(1, 1), padding=(1, 1), bias=False)
      (1): PixelUnshuffle(downscale_factor=2)
    )
  )
  (encoder_level2): Sequential(
    (0): SCOSSBlock(
      (ln_1): LayerNorm((48,), eps=1e-06, elementwise_affine=True)
      (SOSS): SS2D(
        (in_proj): Linear(in_features=48, out_features=192, bias=False)
        (conv2d): Conv2d(96, 96, kernel_size=(3, 3), stride=(1, 1), padding=(1, 1), groups=96)
        (act): SiLU()
        (out_norm): LayerNorm((96,), eps=1e-05, elementwise_affine=True)
        (out_proj): Linear(in_features=96, out_features=48, bias=False)
      )
      (drop_path1): DropPath(drop_prob=0.000)
      (drop_path2): DropPath(drop_prob=0.000)
      (conv_blk): MSFFN(
        (a): Sequential(
          (0): Conv2d(48, 48, kernel_size=(1, 1), stride=(1, 1))
          (1): Conv2d(48, 48, kernel_size=(1, 1), stride=(1, 1), groups=48)
        )
        (a1): Sequential(
          (0): Conv2d(48, 48, kernel_size=(1, 1), stride=(1, 1))
          (1): Conv2d(48, 48, kernel_size=(1, 1), stride=(1, 1), groups=48)
        )
        (relu1): ReLU()
        (b): Sequential(
          (0): Conv2d(48, 48, kernel_size=(1, 1), stride=(1, 1))
          (1): Conv2d(48, 48, kernel_size=(3, 3), stride=(1, 1), padding=(1, 1), groups=48)
        )
        (b1): Sequential(
          (0): Conv2d(48, 48, kernel_size=(1, 1), stride=(1, 1))
          (1): Conv2d(48, 48, kernel_size=(3, 3), stride=(1, 1), padding=(1, 1), groups=48)
        )
        (relu2): ReLU()
        (c): Sequential(
          (0): Conv2d(48, 48, kernel_size=(1, 1), stride=(1, 1))
          (1): Conv2d(48, 48, kernel_size=(5, 5), stride=(1, 1), padding=(2, 2), groups=48)
        )
        (c1): Sequential(
          (0): Conv2d(48, 48, kernel_size=(1, 1), stride=(1, 1))
          (1): Conv2d(48, 48, kernel_size=(5, 5), stride=(1, 1), padding=(2, 2), groups=48)
        )
        (relu3): ReLU()
        (conv_out): Conv2d(144, 48, kernel_size=(1, 1), stride=(1, 1))
        (ln): LayerNorm((48,), eps=1e-05, elementwise_affine=True)
      )
      (ln_2): LayerNorm((48,), eps=1e-05, elementwise_affine=True)
      (CCOSS): CCOSS(
        (H_CSSM): Sequential(
          (0): ChannelMamba(
            (in_proj): Linear(in_features=128, out_features=256, bias=False)
            (act): SiLU()
            (ln): LayerNorm((48,), eps=1e-05, elementwise_affine=True)
            (ln1): LayerNorm((48,), eps=1e-05, elementwise_affine=True)
            (conv2d): Conv2d(48, 48, kernel_size=(3, 3), stride=(1, 1), padding=(1, 1), groups=48)
            (x_proj): Linear(in_features=128, out_features=40, bias=False)
            (dt_proj): Linear(in_features=8, out_features=128, bias=True)
            (x_proj_b): Linear(in_features=128, out_features=40, bias=False)
            (dt_proj_b): Linear(in_features=8, out_features=128, bias=True)
          )
          (1): ChannelMamba(
            (in_proj): Linear(in_features=128, out_features=256, bias=False)
            (act): SiLU()
            (ln): LayerNorm((48,), eps=1e-05, elementwise_affine=True)
            (ln1): LayerNorm((48,), eps=1e-05, elementwise_affine=True)
            (conv2d): Conv2d(48, 48, kernel_size=(3, 3), stride=(1, 1), padding=(1, 1), groups=48)
            (x_proj): Linear(in_features=128, out_features=40, bias=False)
            (dt_proj): Linear(in_features=8, out_features=128, bias=True)
            (x_proj_b): Linear(in_features=128, out_features=40, bias=False)
            (dt_proj_b): Linear(in_features=8, out_features=128, bias=True)
          )
        )
        (W_CSSM): Sequential(
          (0): ChannelMamba(
            (in_proj): Linear(in_features=128, out_features=256, bias=False)
            (act): SiLU()
            (ln): LayerNorm((48,), eps=1e-05, elementwise_affine=True)
            (ln1): LayerNorm((48,), eps=1e-05, elementwise_affine=True)
            (conv2d): Conv2d(48, 48, kernel_size=(3, 3), stride=(1, 1), padding=(1, 1), groups=48)
            (x_proj): Linear(in_features=128, out_features=40, bias=False)
            (dt_proj): Linear(in_features=8, out_features=128, bias=True)
            (x_proj_b): Linear(in_features=128, out_features=40, bias=False)
            (dt_proj_b): Linear(in_features=8, out_features=128, bias=True)
          )
          (1): ChannelMamba(
            (in_proj): Linear(in_features=128, out_features=256, bias=False)
            (act): SiLU()
            (ln): LayerNorm((48,), eps=1e-05, elementwise_affine=True)
            (ln1): LayerNorm((48,), eps=1e-05, elementwise_affine=True)
            (conv2d): Conv2d(48, 48, kernel_size=(3, 3), stride=(1, 1), padding=(1, 1), groups=48)
            (x_proj): Linear(in_features=128, out_features=40, bias=False)
            (dt_proj): Linear(in_features=8, out_features=128, bias=True)
            (x_proj_b): Linear(in_features=128, out_features=40, bias=False)
            (dt_proj_b): Linear(in_features=8, out_features=128, bias=True)
          )
        )
        (ln): LayerNorm((48,), eps=1e-05, elementwise_affine=True)
        (softmax): Softmax(dim=1)
        (conv_1x1): Conv2d(48, 48, kernel_size=(1, 1), stride=(1, 1), bias=False)
        (dwconv): Conv2d(48, 48, kernel_size=(1, 1), stride=(1, 1), groups=48, bias=False)
        (relu): ReLU()
        (bn): BatchNorm2d(48, eps=1e-05, momentum=0.1, affine=True, track_running_stats=True)
        (silu_h): SiLU()
        (silu_w): SiLU()
        (sigmoid_h): Sigmoid()
        (sigmoid_w): Sigmoid()
      )
    )
  )
  (down2_3): Downsample(
    (body): Sequential(
      (0): Conv2d(48, 24, kernel_size=(3, 3), stride=(1, 1), padding=(1, 1), bias=False)
      (1): PixelUnshuffle(downscale_factor=2)
    )
  )
  (encoder_level3): Sequential(
    (0): SCOSSBlock(
      (ln_1): LayerNorm((96,), eps=1e-06, elementwise_affine=True)
      (SOSS): SS2D(
        (in_proj): Linear(in_features=96, out_features=384, bias=False)
        (conv2d): Conv2d(192, 192, kernel_size=(3, 3), stride=(1, 1), padding=(1, 1), groups=192)
        (act): SiLU()
        (out_norm): LayerNorm((192,), eps=1e-05, elementwise_affine=True)
        (out_proj): Linear(in_features=192, out_features=96, bias=False)
      )
      (drop_path1): DropPath(drop_prob=0.000)
      (drop_path2): DropPath(drop_prob=0.000)
      (conv_blk): MSFFN(
        (a): Sequential(
          (0): Conv2d(96, 96, kernel_size=(1, 1), stride=(1, 1))
          (1): Conv2d(96, 96, kernel_size=(1, 1), stride=(1, 1), groups=96)
        )
        (a1): Sequential(
          (0): Conv2d(96, 96, kernel_size=(1, 1), stride=(1, 1))
          (1): Conv2d(96, 96, kernel_size=(1, 1), stride=(1, 1), groups=96)
        )
        (relu1): ReLU()
        (b): Sequential(
          (0): Conv2d(96, 96, kernel_size=(1, 1), stride=(1, 1))
          (1): Conv2d(96, 96, kernel_size=(3, 3), stride=(1, 1), padding=(1, 1), groups=96)
        )
        (b1): Sequential(
          (0): Conv2d(96, 96, kernel_size=(1, 1), stride=(1, 1))
          (1): Conv2d(96, 96, kernel_size=(3, 3), stride=(1, 1), padding=(1, 1), groups=96)
        )
        (relu2): ReLU()
        (c): Sequential(
          (0): Conv2d(96, 96, kernel_size=(1, 1), stride=(1, 1))
          (1): Conv2d(96, 96, kernel_size=(5, 5), stride=(1, 1), padding=(2, 2), groups=96)
        )
        (c1): Sequential(
          (0): Conv2d(96, 96, kernel_size=(1, 1), stride=(1, 1))
          (1): Conv2d(96, 96, kernel_size=(5, 5), stride=(1, 1), padding=(2, 2), groups=96)
        )
        (relu3): ReLU()
        (conv_out): Conv2d(288, 96, kernel_size=(1, 1), stride=(1, 1))
        (ln): LayerNorm((96,), eps=1e-05, elementwise_affine=True)
      )
      (ln_2): LayerNorm((96,), eps=1e-05, elementwise_affine=True)
      (CCOSS): CCOSS(
        (H_CSSM): Sequential(
          (0): ChannelMamba(
            (in_proj): Linear(in_features=64, out_features=128, bias=False)
            (act): SiLU()
            (ln): LayerNorm((96,), eps=1e-05, elementwise_affine=True)
            (ln1): LayerNorm((96,), eps=1e-05, elementwise_affine=True)
            (conv2d): Conv2d(96, 96, kernel_size=(3, 3), stride=(1, 1), padding=(1, 1), groups=96)
            (x_proj): Linear(in_features=64, out_features=36, bias=False)
            (dt_proj): Linear(in_features=4, out_features=64, bias=True)
            (x_proj_b): Linear(in_features=64, out_features=36, bias=False)
            (dt_proj_b): Linear(in_features=4, out_features=64, bias=True)
          )
          (1): ChannelMamba(
            (in_proj): Linear(in_features=64, out_features=128, bias=False)
            (act): SiLU()
            (ln): LayerNorm((96,), eps=1e-05, elementwise_affine=True)
            (ln1): LayerNorm((96,), eps=1e-05, elementwise_affine=True)
            (conv2d): Conv2d(96, 96, kernel_size=(3, 3), stride=(1, 1), padding=(1, 1), groups=96)
            (x_proj): Linear(in_features=64, out_features=36, bias=False)
            (dt_proj): Linear(in_features=4, out_features=64, bias=True)
            (x_proj_b): Linear(in_features=64, out_features=36, bias=False)
            (dt_proj_b): Linear(in_features=4, out_features=64, bias=True)
          )
        )
        (W_CSSM): Sequential(
          (0): ChannelMamba(
            (in_proj): Linear(in_features=64, out_features=128, bias=False)
            (act): SiLU()
            (ln): LayerNorm((96,), eps=1e-05, elementwise_affine=True)
            (ln1): LayerNorm((96,), eps=1e-05, elementwise_affine=True)
            (conv2d): Conv2d(96, 96, kernel_size=(3, 3), stride=(1, 1), padding=(1, 1), groups=96)
            (x_proj): Linear(in_features=64, out_features=36, bias=False)
            (dt_proj): Linear(in_features=4, out_features=64, bias=True)
            (x_proj_b): Linear(in_features=64, out_features=36, bias=False)
            (dt_proj_b): Linear(in_features=4, out_features=64, bias=True)
          )
          (1): ChannelMamba(
            (in_proj): Linear(in_features=64, out_features=128, bias=False)
            (act): SiLU()
            (ln): LayerNorm((96,), eps=1e-05, elementwise_affine=True)
            (ln1): LayerNorm((96,), eps=1e-05, elementwise_affine=True)
            (conv2d): Conv2d(96, 96, kernel_size=(3, 3), stride=(1, 1), padding=(1, 1), groups=96)
            (x_proj): Linear(in_features=64, out_features=36, bias=False)
            (dt_proj): Linear(in_features=4, out_features=64, bias=True)
            (x_proj_b): Linear(in_features=64, out_features=36, bias=False)
            (dt_proj_b): Linear(in_features=4, out_features=64, bias=True)
          )
        )
        (ln): LayerNorm((96,), eps=1e-05, elementwise_affine=True)
        (softmax): Softmax(dim=1)
        (conv_1x1): Conv2d(96, 96, kernel_size=(1, 1), stride=(1, 1), bias=False)
        (dwconv): Conv2d(96, 96, kernel_size=(1, 1), stride=(1, 1), groups=96, bias=False)
        (relu): ReLU()
        (bn): BatchNorm2d(96, eps=1e-05, momentum=0.1, affine=True, track_running_stats=True)
        (silu_h): SiLU()
        (silu_w): SiLU()
        (sigmoid_h): Sigmoid()
        (sigmoid_w): Sigmoid()
      )
    )
  )
  (down3_4): Downsample(
    (body): Sequential(
      (0): Conv2d(96, 48, kernel_size=(3, 3), stride=(1, 1), padding=(1, 1), bias=False)
      (1): PixelUnshuffle(downscale_factor=2)
    )
  )
  (latent): Sequential(
    (0): SCOSSBlock(
      (ln_1): LayerNorm((192,), eps=1e-06, elementwise_affine=True)
      (SOSS): SS2D(
        (in_proj): Linear(in_features=192, out_features=768, bias=False)
        (conv2d): Conv2d(384, 384, kernel_size=(3, 3), stride=(1, 1), padding=(1, 1), groups=384)
        (act): SiLU()
        (out_norm): LayerNorm((384,), eps=1e-05, elementwise_affine=True)
        (out_proj): Linear(in_features=384, out_features=192, bias=False)
      )
      (drop_path1): DropPath(drop_prob=0.000)
      (drop_path2): DropPath(drop_prob=0.000)
      (conv_blk): MSFFN(
        (a): Sequential(
          (0): Conv2d(192, 192, kernel_size=(1, 1), stride=(1, 1))
          (1): Conv2d(192, 192, kernel_size=(1, 1), stride=(1, 1), groups=192)
        )
        (a1): Sequential(
          (0): Conv2d(192, 192, kernel_size=(1, 1), stride=(1, 1))
          (1): Conv2d(192, 192, kernel_size=(1, 1), stride=(1, 1), groups=192)
        )
        (relu1): ReLU()
        (b): Sequential(
          (0): Conv2d(192, 192, kernel_size=(1, 1), stride=(1, 1))
          (1): Conv2d(192, 192, kernel_size=(3, 3), stride=(1, 1), padding=(1, 1), groups=192)
        )
        (b1): Sequential(
          (0): Conv2d(192, 192, kernel_size=(1, 1), stride=(1, 1))
          (1): Conv2d(192, 192, kernel_size=(3, 3), stride=(1, 1), padding=(1, 1), groups=192)
        )
        (relu2): ReLU()
        (c): Sequential(
          (0): Conv2d(192, 192, kernel_size=(1, 1), stride=(1, 1))
          (1): Conv2d(192, 192, kernel_size=(5, 5), stride=(1, 1), padding=(2, 2), groups=192)
        )
        (c1): Sequential(
          (0): Conv2d(192, 192, kernel_size=(1, 1), stride=(1, 1))
          (1): Conv2d(192, 192, kernel_size=(5, 5), stride=(1, 1), padding=(2, 2), groups=192)
        )
        (relu3): ReLU()
        (conv_out): Conv2d(576, 192, kernel_size=(1, 1), stride=(1, 1))
        (ln): LayerNorm((192,), eps=1e-05, elementwise_affine=True)
      )
      (ln_2): LayerNorm((192,), eps=1e-05, elementwise_affine=True)
      (CCOSS): CCOSS(
        (H_CSSM): Sequential(
          (0): ChannelMamba(
            (in_proj): Linear(in_features=32, out_features=64, bias=False)
            (act): SiLU()
            (ln): LayerNorm((192,), eps=1e-05, elementwise_affine=True)
            (ln1): LayerNorm((192,), eps=1e-05, elementwise_affine=True)
            (conv2d): Conv2d(192, 192, kernel_size=(3, 3), stride=(1, 1), padding=(1, 1), groups=192)
            (x_proj): Linear(in_features=32, out_features=34, bias=False)
            (dt_proj): Linear(in_features=2, out_features=32, bias=True)
            (x_proj_b): Linear(in_features=32, out_features=34, bias=False)
            (dt_proj_b): Linear(in_features=2, out_features=32, bias=True)
          )
          (1): ChannelMamba(
            (in_proj): Linear(in_features=32, out_features=64, bias=False)
            (act): SiLU()
            (ln): LayerNorm((192,), eps=1e-05, elementwise_affine=True)
            (ln1): LayerNorm((192,), eps=1e-05, elementwise_affine=True)
            (conv2d): Conv2d(192, 192, kernel_size=(3, 3), stride=(1, 1), padding=(1, 1), groups=192)
            (x_proj): Linear(in_features=32, out_features=34, bias=False)
            (dt_proj): Linear(in_features=2, out_features=32, bias=True)
            (x_proj_b): Linear(in_features=32, out_features=34, bias=False)
            (dt_proj_b): Linear(in_features=2, out_features=32, bias=True)
          )
        )
        (W_CSSM): Sequential(
          (0): ChannelMamba(
            (in_proj): Linear(in_features=32, out_features=64, bias=False)
            (act): SiLU()
            (ln): LayerNorm((192,), eps=1e-05, elementwise_affine=True)
            (ln1): LayerNorm((192,), eps=1e-05, elementwise_affine=True)
            (conv2d): Conv2d(192, 192, kernel_size=(3, 3), stride=(1, 1), padding=(1, 1), groups=192)
            (x_proj): Linear(in_features=32, out_features=34, bias=False)
            (dt_proj): Linear(in_features=2, out_features=32, bias=True)
            (x_proj_b): Linear(in_features=32, out_features=34, bias=False)
            (dt_proj_b): Linear(in_features=2, out_features=32, bias=True)
          )
          (1): ChannelMamba(
            (in_proj): Linear(in_features=32, out_features=64, bias=False)
            (act): SiLU()
            (ln): LayerNorm((192,), eps=1e-05, elementwise_affine=True)
            (ln1): LayerNorm((192,), eps=1e-05, elementwise_affine=True)
            (conv2d): Conv2d(192, 192, kernel_size=(3, 3), stride=(1, 1), padding=(1, 1), groups=192)
            (x_proj): Linear(in_features=32, out_features=34, bias=False)
            (dt_proj): Linear(in_features=2, out_features=32, bias=True)
            (x_proj_b): Linear(in_features=32, out_features=34, bias=False)
            (dt_proj_b): Linear(in_features=2, out_features=32, bias=True)
          )
        )
        (ln): LayerNorm((192,), eps=1e-05, elementwise_affine=True)
        (softmax): Softmax(dim=1)
        (conv_1x1): Conv2d(192, 192, kernel_size=(1, 1), stride=(1, 1), bias=False)
        (dwconv): Conv2d(192, 192, kernel_size=(1, 1), stride=(1, 1), groups=192, bias=False)
        (relu): ReLU()
        (bn): BatchNorm2d(192, eps=1e-05, momentum=0.1, affine=True, track_running_stats=True)
        (silu_h): SiLU()
        (silu_w): SiLU()
        (sigmoid_h): Sigmoid()
        (sigmoid_w): Sigmoid()
      )
    )
  )
  (up4_3): Upsample(
    (body): Sequential(
      (0): Conv2d(192, 384, kernel_size=(3, 3), stride=(1, 1), padding=(1, 1), bias=False)
      (1): PixelShuffle(upscale_factor=2)
    )
  )
  (reduce_chan_level3): Conv2d(192, 96, kernel_size=(1, 1), stride=(1, 1), bias=False)
  (decoder_level3): Sequential(
    (0): SCOSSBlock(
      (ln_1): LayerNorm((96,), eps=1e-06, elementwise_affine=True)
      (SOSS): SS2D(
        (in_proj): Linear(in_features=96, out_features=384, bias=False)
        (conv2d): Conv2d(192, 192, kernel_size=(3, 3), stride=(1, 1), padding=(1, 1), groups=192)
        (act): SiLU()
        (out_norm): LayerNorm((192,), eps=1e-05, elementwise_affine=True)
        (out_proj): Linear(in_features=192, out_features=96, bias=False)
      )
      (drop_path1): DropPath(drop_prob=0.000)
      (drop_path2): DropPath(drop_prob=0.000)
      (conv_blk): MSFFN(
        (a): Sequential(
          (0): Conv2d(96, 96, kernel_size=(1, 1), stride=(1, 1))
          (1): Conv2d(96, 96, kernel_size=(1, 1), stride=(1, 1), groups=96)
        )
        (a1): Sequential(
          (0): Conv2d(96, 96, kernel_size=(1, 1), stride=(1, 1))
          (1): Conv2d(96, 96, kernel_size=(1, 1), stride=(1, 1), groups=96)
        )
        (relu1): ReLU()
        (b): Sequential(
          (0): Conv2d(96, 96, kernel_size=(1, 1), stride=(1, 1))
          (1): Conv2d(96, 96, kernel_size=(3, 3), stride=(1, 1), padding=(1, 1), groups=96)
        )
        (b1): Sequential(
          (0): Conv2d(96, 96, kernel_size=(1, 1), stride=(1, 1))
          (1): Conv2d(96, 96, kernel_size=(3, 3), stride=(1, 1), padding=(1, 1), groups=96)
        )
        (relu2): ReLU()
        (c): Sequential(
          (0): Conv2d(96, 96, kernel_size=(1, 1), stride=(1, 1))
          (1): Conv2d(96, 96, kernel_size=(5, 5), stride=(1, 1), padding=(2, 2), groups=96)
        )
        (c1): Sequential(
          (0): Conv2d(96, 96, kernel_size=(1, 1), stride=(1, 1))
          (1): Conv2d(96, 96, kernel_size=(5, 5), stride=(1, 1), padding=(2, 2), groups=96)
        )
        (relu3): ReLU()
        (conv_out): Conv2d(288, 96, kernel_size=(1, 1), stride=(1, 1))
        (ln): LayerNorm((96,), eps=1e-05, elementwise_affine=True)
      )
      (ln_2): LayerNorm((96,), eps=1e-05, elementwise_affine=True)
      (CCOSS): CCOSS(
        (H_CSSM): Sequential(
          (0): ChannelMamba(
            (in_proj): Linear(in_features=64, out_features=128, bias=False)
            (act): SiLU()
            (ln): LayerNorm((96,), eps=1e-05, elementwise_affine=True)
            (ln1): LayerNorm((96,), eps=1e-05, elementwise_affine=True)
            (conv2d): Conv2d(96, 96, kernel_size=(3, 3), stride=(1, 1), padding=(1, 1), groups=96)
            (x_proj): Linear(in_features=64, out_features=36, bias=False)
            (dt_proj): Linear(in_features=4, out_features=64, bias=True)
            (x_proj_b): Linear(in_features=64, out_features=36, bias=False)
            (dt_proj_b): Linear(in_features=4, out_features=64, bias=True)
          )
          (1): ChannelMamba(
            (in_proj): Linear(in_features=64, out_features=128, bias=False)
            (act): SiLU()
            (ln): LayerNorm((96,), eps=1e-05, elementwise_affine=True)
            (ln1): LayerNorm((96,), eps=1e-05, elementwise_affine=True)
            (conv2d): Conv2d(96, 96, kernel_size=(3, 3), stride=(1, 1), padding=(1, 1), groups=96)
            (x_proj): Linear(in_features=64, out_features=36, bias=False)
            (dt_proj): Linear(in_features=4, out_features=64, bias=True)
            (x_proj_b): Linear(in_features=64, out_features=36, bias=False)
            (dt_proj_b): Linear(in_features=4, out_features=64, bias=True)
          )
        )
        (W_CSSM): Sequential(
          (0): ChannelMamba(
            (in_proj): Linear(in_features=64, out_features=128, bias=False)
            (act): SiLU()
            (ln): LayerNorm((96,), eps=1e-05, elementwise_affine=True)
            (ln1): LayerNorm((96,), eps=1e-05, elementwise_affine=True)
            (conv2d): Conv2d(96, 96, kernel_size=(3, 3), stride=(1, 1), padding=(1, 1), groups=96)
            (x_proj): Linear(in_features=64, out_features=36, bias=False)
            (dt_proj): Linear(in_features=4, out_features=64, bias=True)
            (x_proj_b): Linear(in_features=64, out_features=36, bias=False)
            (dt_proj_b): Linear(in_features=4, out_features=64, bias=True)
          )
          (1): ChannelMamba(
            (in_proj): Linear(in_features=64, out_features=128, bias=False)
            (act): SiLU()
            (ln): LayerNorm((96,), eps=1e-05, elementwise_affine=True)
            (ln1): LayerNorm((96,), eps=1e-05, elementwise_affine=True)
            (conv2d): Conv2d(96, 96, kernel_size=(3, 3), stride=(1, 1), padding=(1, 1), groups=96)
            (x_proj): Linear(in_features=64, out_features=36, bias=False)
            (dt_proj): Linear(in_features=4, out_features=64, bias=True)
            (x_proj_b): Linear(in_features=64, out_features=36, bias=False)
            (dt_proj_b): Linear(in_features=4, out_features=64, bias=True)
          )
        )
        (ln): LayerNorm((96,), eps=1e-05, elementwise_affine=True)
        (softmax): Softmax(dim=1)
        (conv_1x1): Conv2d(96, 96, kernel_size=(1, 1), stride=(1, 1), bias=False)
        (dwconv): Conv2d(96, 96, kernel_size=(1, 1), stride=(1, 1), groups=96, bias=False)
        (relu): ReLU()
        (bn): BatchNorm2d(96, eps=1e-05, momentum=0.1, affine=True, track_running_stats=True)
        (silu_h): SiLU()
        (silu_w): SiLU()
        (sigmoid_h): Sigmoid()
        (sigmoid_w): Sigmoid()
      )
    )
  )
  (up3_2): Upsample(
    (body): Sequential(
      (0): Conv2d(96, 192, kernel_size=(3, 3), stride=(1, 1), padding=(1, 1), bias=False)
      (1): PixelShuffle(upscale_factor=2)
    )
  )
  (reduce_chan_level2): Conv2d(96, 48, kernel_size=(1, 1), stride=(1, 1), bias=False)
  (decoder_level2): Sequential(
    (0): SCOSSBlock(
      (ln_1): LayerNorm((48,), eps=1e-06, elementwise_affine=True)
      (SOSS): SS2D(
        (in_proj): Linear(in_features=48, out_features=192, bias=False)
        (conv2d): Conv2d(96, 96, kernel_size=(3, 3), stride=(1, 1), padding=(1, 1), groups=96)
        (act): SiLU()
        (out_norm): LayerNorm((96,), eps=1e-05, elementwise_affine=True)
        (out_proj): Linear(in_features=96, out_features=48, bias=False)
      )
      (drop_path1): DropPath(drop_prob=0.000)
      (drop_path2): DropPath(drop_prob=0.000)
      (conv_blk): MSFFN(
        (a): Sequential(
          (0): Conv2d(48, 48, kernel_size=(1, 1), stride=(1, 1))
          (1): Conv2d(48, 48, kernel_size=(1, 1), stride=(1, 1), groups=48)
        )
        (a1): Sequential(
          (0): Conv2d(48, 48, kernel_size=(1, 1), stride=(1, 1))
          (1): Conv2d(48, 48, kernel_size=(1, 1), stride=(1, 1), groups=48)
        )
        (relu1): ReLU()
        (b): Sequential(
          (0): Conv2d(48, 48, kernel_size=(1, 1), stride=(1, 1))
          (1): Conv2d(48, 48, kernel_size=(3, 3), stride=(1, 1), padding=(1, 1), groups=48)
        )
        (b1): Sequential(
          (0): Conv2d(48, 48, kernel_size=(1, 1), stride=(1, 1))
          (1): Conv2d(48, 48, kernel_size=(3, 3), stride=(1, 1), padding=(1, 1), groups=48)
        )
        (relu2): ReLU()
        (c): Sequential(
          (0): Conv2d(48, 48, kernel_size=(1, 1), stride=(1, 1))
          (1): Conv2d(48, 48, kernel_size=(5, 5), stride=(1, 1), padding=(2, 2), groups=48)
        )
        (c1): Sequential(
          (0): Conv2d(48, 48, kernel_size=(1, 1), stride=(1, 1))
          (1): Conv2d(48, 48, kernel_size=(5, 5), stride=(1, 1), padding=(2, 2), groups=48)
        )
        (relu3): ReLU()
        (conv_out): Conv2d(144, 48, kernel_size=(1, 1), stride=(1, 1))
        (ln): LayerNorm((48,), eps=1e-05, elementwise_affine=True)
      )
      (ln_2): LayerNorm((48,), eps=1e-05, elementwise_affine=True)
      (CCOSS): CCOSS(
        (H_CSSM): Sequential(
          (0): ChannelMamba(
            (in_proj): Linear(in_features=128, out_features=256, bias=False)
            (act): SiLU()
            (ln): LayerNorm((48,), eps=1e-05, elementwise_affine=True)
            (ln1): LayerNorm((48,), eps=1e-05, elementwise_affine=True)
            (conv2d): Conv2d(48, 48, kernel_size=(3, 3), stride=(1, 1), padding=(1, 1), groups=48)
            (x_proj): Linear(in_features=128, out_features=40, bias=False)
            (dt_proj): Linear(in_features=8, out_features=128, bias=True)
            (x_proj_b): Linear(in_features=128, out_features=40, bias=False)
            (dt_proj_b): Linear(in_features=8, out_features=128, bias=True)
          )
          (1): ChannelMamba(
            (in_proj): Linear(in_features=128, out_features=256, bias=False)
            (act): SiLU()
            (ln): LayerNorm((48,), eps=1e-05, elementwise_affine=True)
            (ln1): LayerNorm((48,), eps=1e-05, elementwise_affine=True)
            (conv2d): Conv2d(48, 48, kernel_size=(3, 3), stride=(1, 1), padding=(1, 1), groups=48)
            (x_proj): Linear(in_features=128, out_features=40, bias=False)
            (dt_proj): Linear(in_features=8, out_features=128, bias=True)
            (x_proj_b): Linear(in_features=128, out_features=40, bias=False)
            (dt_proj_b): Linear(in_features=8, out_features=128, bias=True)
          )
        )
        (W_CSSM): Sequential(
          (0): ChannelMamba(
            (in_proj): Linear(in_features=128, out_features=256, bias=False)
            (act): SiLU()
            (ln): LayerNorm((48,), eps=1e-05, elementwise_affine=True)
            (ln1): LayerNorm((48,), eps=1e-05, elementwise_affine=True)
            (conv2d): Conv2d(48, 48, kernel_size=(3, 3), stride=(1, 1), padding=(1, 1), groups=48)
            (x_proj): Linear(in_features=128, out_features=40, bias=False)
            (dt_proj): Linear(in_features=8, out_features=128, bias=True)
            (x_proj_b): Linear(in_features=128, out_features=40, bias=False)
            (dt_proj_b): Linear(in_features=8, out_features=128, bias=True)
          )
          (1): ChannelMamba(
            (in_proj): Linear(in_features=128, out_features=256, bias=False)
            (act): SiLU()
            (ln): LayerNorm((48,), eps=1e-05, elementwise_affine=True)
            (ln1): LayerNorm((48,), eps=1e-05, elementwise_affine=True)
            (conv2d): Conv2d(48, 48, kernel_size=(3, 3), stride=(1, 1), padding=(1, 1), groups=48)
            (x_proj): Linear(in_features=128, out_features=40, bias=False)
            (dt_proj): Linear(in_features=8, out_features=128, bias=True)
            (x_proj_b): Linear(in_features=128, out_features=40, bias=False)
            (dt_proj_b): Linear(in_features=8, out_features=128, bias=True)
          )
        )
        (ln): LayerNorm((48,), eps=1e-05, elementwise_affine=True)
        (softmax): Softmax(dim=1)
        (conv_1x1): Conv2d(48, 48, kernel_size=(1, 1), stride=(1, 1), bias=False)
        (dwconv): Conv2d(48, 48, kernel_size=(1, 1), stride=(1, 1), groups=48, bias=False)
        (relu): ReLU()
        (bn): BatchNorm2d(48, eps=1e-05, momentum=0.1, affine=True, track_running_stats=True)
        (silu_h): SiLU()
        (silu_w): SiLU()
        (sigmoid_h): Sigmoid()
        (sigmoid_w): Sigmoid()
      )
    )
  )
  (up2_1): Upsample(
    (body): Sequential(
      (0): Conv2d(48, 96, kernel_size=(3, 3), stride=(1, 1), padding=(1, 1), bias=False)
      (1): PixelShuffle(upscale_factor=2)
    )
  )
  (reduce_chan_level1): Conv2d(48, 24, kernel_size=(1, 1), stride=(1, 1), bias=False)
  (decoder_level1): Sequential(
    (0): SCOSSBlock(
      (ln_1): LayerNorm((24,), eps=1e-06, elementwise_affine=True)
      (SOSS): SS2D(
        (in_proj): Linear(in_features=24, out_features=96, bias=False)
        (conv2d): Conv2d(48, 48, kernel_size=(3, 3), stride=(1, 1), padding=(1, 1), groups=48)
        (act): SiLU()
        (out_norm): LayerNorm((48,), eps=1e-05, elementwise_affine=True)
        (out_proj): Linear(in_features=48, out_features=24, bias=False)
      )
      (drop_path1): DropPath(drop_prob=0.000)
      (drop_path2): DropPath(drop_prob=0.000)
      (conv_blk): MSFFN(
        (a): Sequential(
          (0): Conv2d(24, 24, kernel_size=(1, 1), stride=(1, 1))
          (1): Conv2d(24, 24, kernel_size=(1, 1), stride=(1, 1), groups=24)
        )
        (a1): Sequential(
          (0): Conv2d(24, 24, kernel_size=(1, 1), stride=(1, 1))
          (1): Conv2d(24, 24, kernel_size=(1, 1), stride=(1, 1), groups=24)
        )
        (relu1): ReLU()
        (b): Sequential(
          (0): Conv2d(24, 24, kernel_size=(1, 1), stride=(1, 1))
          (1): Conv2d(24, 24, kernel_size=(3, 3), stride=(1, 1), padding=(1, 1), groups=24)
        )
        (b1): Sequential(
          (0): Conv2d(24, 24, kernel_size=(1, 1), stride=(1, 1))
          (1): Conv2d(24, 24, kernel_size=(3, 3), stride=(1, 1), padding=(1, 1), groups=24)
        )
        (relu2): ReLU()
        (c): Sequential(
          (0): Conv2d(24, 24, kernel_size=(1, 1), stride=(1, 1))
          (1): Conv2d(24, 24, kernel_size=(5, 5), stride=(1, 1), padding=(2, 2), groups=24)
        )
        (c1): Sequential(
          (0): Conv2d(24, 24, kernel_size=(1, 1), stride=(1, 1))
          (1): Conv2d(24, 24, kernel_size=(5, 5), stride=(1, 1), padding=(2, 2), groups=24)
        )
        (relu3): ReLU()
        (conv_out): Conv2d(72, 24, kernel_size=(1, 1), stride=(1, 1))
        (ln): LayerNorm((24,), eps=1e-05, elementwise_affine=True)
      )
      (ln_2): LayerNorm((24,), eps=1e-05, elementwise_affine=True)
      (CCOSS): CCOSS(
        (H_CSSM): Sequential(
          (0): ChannelMamba(
            (in_proj): Linear(in_features=256, out_features=512, bias=False)
            (act): SiLU()
            (ln): LayerNorm((24,), eps=1e-05, elementwise_affine=True)
            (ln1): LayerNorm((24,), eps=1e-05, elementwise_affine=True)
            (conv2d): Conv2d(24, 24, kernel_size=(3, 3), stride=(1, 1), padding=(1, 1), groups=24)
            (x_proj): Linear(in_features=256, out_features=48, bias=False)
            (dt_proj): Linear(in_features=16, out_features=256, bias=True)
            (x_proj_b): Linear(in_features=256, out_features=48, bias=False)
            (dt_proj_b): Linear(in_features=16, out_features=256, bias=True)
          )
          (1): ChannelMamba(
            (in_proj): Linear(in_features=256, out_features=512, bias=False)
            (act): SiLU()
            (ln): LayerNorm((24,), eps=1e-05, elementwise_affine=True)
            (ln1): LayerNorm((24,), eps=1e-05, elementwise_affine=True)
            (conv2d): Conv2d(24, 24, kernel_size=(3, 3), stride=(1, 1), padding=(1, 1), groups=24)
            (x_proj): Linear(in_features=256, out_features=48, bias=False)
            (dt_proj): Linear(in_features=16, out_features=256, bias=True)
            (x_proj_b): Linear(in_features=256, out_features=48, bias=False)
            (dt_proj_b): Linear(in_features=16, out_features=256, bias=True)
          )
        )
        (W_CSSM): Sequential(
          (0): ChannelMamba(
            (in_proj): Linear(in_features=256, out_features=512, bias=False)
            (act): SiLU()
            (ln): LayerNorm((24,), eps=1e-05, elementwise_affine=True)
            (ln1): LayerNorm((24,), eps=1e-05, elementwise_affine=True)
            (conv2d): Conv2d(24, 24, kernel_size=(3, 3), stride=(1, 1), padding=(1, 1), groups=24)
            (x_proj): Linear(in_features=256, out_features=48, bias=False)
            (dt_proj): Linear(in_features=16, out_features=256, bias=True)
            (x_proj_b): Linear(in_features=256, out_features=48, bias=False)
            (dt_proj_b): Linear(in_features=16, out_features=256, bias=True)
          )
          (1): ChannelMamba(
            (in_proj): Linear(in_features=256, out_features=512, bias=False)
            (act): SiLU()
            (ln): LayerNorm((24,), eps=1e-05, elementwise_affine=True)
            (ln1): LayerNorm((24,), eps=1e-05, elementwise_affine=True)
            (conv2d): Conv2d(24, 24, kernel_size=(3, 3), stride=(1, 1), padding=(1, 1), groups=24)
            (x_proj): Linear(in_features=256, out_features=48, bias=False)
            (dt_proj): Linear(in_features=16, out_features=256, bias=True)
            (x_proj_b): Linear(in_features=256, out_features=48, bias=False)
            (dt_proj_b): Linear(in_features=16, out_features=256, bias=True)
          )
        )
        (ln): LayerNorm((24,), eps=1e-05, elementwise_affine=True)
        (softmax): Softmax(dim=1)
        (conv_1x1): Conv2d(24, 24, kernel_size=(1, 1), stride=(1, 1), bias=False)
        (dwconv): Conv2d(24, 24, kernel_size=(1, 1), stride=(1, 1), groups=24, bias=False)
        (relu): ReLU()
        (bn): BatchNorm2d(24, eps=1e-05, momentum=0.1, affine=True, track_running_stats=True)
        (silu_h): SiLU()
        (silu_w): SiLU()
        (sigmoid_h): Sigmoid()
        (sigmoid_w): Sigmoid()
      )
    )
  )
  (output): Sequential(
    (0): GroupNorm(12, 24, eps=1e-05, affine=True)
    (1): SiLU()
    (2): Conv2d(24, 3, kernel_size=(1, 1), stride=(1, 1), bias=False)
  )
)
2026-04-19 17:06:09,179 INFO: Model [ImageCleanModel] is created.
2026-04-19 17:06:09,207 INFO: Start training from epoch: 0, iter: 0
2026-04-19 17:06:09,275 INFO: 
 Updating Patch_Size to 256 and Batch_Size to 2 

2026-04-19 17:06:47,242 INFO: [Water..][epoch: 33, iter:     100, lr:(3.000e-04,)] [eta: 1 day, 7:23:39, time (data): 0.376 (0.070)] l_pix: 6.0862e-03 
2026-04-19 17:07:21,690 INFO: [Water..][epoch: 66, iter:     200, lr:(3.000e-04,)] [eta: 1 day, 6:02:32, time (data): 0.314 (0.003)] l_pix: 4.4860e-03 
2026-04-19 17:07:56,213 INFO: [Water..][epoch: 99, iter:     300, lr:(3.000e-04,)] [eta: 1 day, 5:36:11, time (data): 0.289 (0.000)] l_pix: 4.7678e-03 
2026-04-19 17:08:30,562 INFO: [Water..][epoch:133, iter:     400, lr:(3.000e-04,)] [eta: 1 day, 5:20:31, time (data): 0.398 (0.070)] l_pix: 3.0405e-03 
